<?xml version="1.0" encoding="UTF-8"?>
<!-- Generated by org.testng.reporters.JUnitXMLReporter -->
<testsuite hostname="Swati" ignored="2" name="Test" tests="1" failures="1" timestamp="02 Apr 2020 14:29:30 GMT" time="0.046" errors="0">
  <testcase name="loginTest" time="0.013" classname="com.bridgelabz.testcases.LoginTest">
    <failure type="java.lang.IllegalArgumentException" message="Cannot find elements when the selector is null">
      <![CDATA[java.lang.IllegalArgumentException: Cannot find elements when the selector is null
at org.openqa.selenium.By$ByCssSelector.<init>(By.java:422)
at org.openqa.selenium.By.cssSelector(By.java:116)
at com.bridgelabz.testcases.LoginTest.loginTest(LoginTest.java:13)
... Removed 25 stack frames]]>
    </failure>
  </testcase> <!-- loginTest -->
  <testcase name="@BeforeSuite setUp" time="0.0" classname="com.bridgelabz.base.TestBase">
    <ignored/>
  </testcase> <!-- @BeforeSuite setUp -->
  <testcase name="@AfterSuite TearDown" time="0.0" classname="com.bridgelabz.base.TestBase">
    <ignored/>
  </testcase> <!-- @AfterSuite TearDown -->
</testsuite> <!-- Test -->
